Remember that you can report errors and get help in https://github.com/NicoSantangelo/sublime-gulp

01-22-2018 20:04:
C:\Users\a\AppData\Roaming\Sublime Text 3\Packages\Gulp\write_tasks_to_cache.js:31
        throw ex;
        ^

Error: Cannot find module 'gulp-sass'
    at Function.Module._resolveFilename (module.js:536:15)
    at Function.Module._load (module.js:466:25)
    at Module.require (module.js:579:17)
    at require (internal/module.js:11:18)
    at Object.<anonymous> (D:\___WEB___\wppfsites\.sublime-gulp-tmp.js:2:12)
    at Module._compile (module.js:635:30)
    at Object.Module._extensions..js (module.js:646:10)
    at Module.load (module.js:554:32)
    at tryModuleLoad (module.js:497:12)
    at Function.Module._load (module.js:489:3)


01-22-2018 20:05:
C:\Users\a\AppData\Roaming\Sublime Text 3\Packages\Gulp\write_tasks_to_cache.js:31
        throw ex;
        ^

Error: Cannot find module 'gulp-sass'
    at Function.Module._resolveFilename (module.js:536:15)
    at Function.Module._load (module.js:466:25)
    at Module.require (module.js:579:17)
    at require (internal/module.js:11:18)
    at Object.<anonymous> (D:\___WEB___\wppfsites\.sublime-gulp-tmp.js:2:12)
    at Module._compile (module.js:635:30)
    at Object.Module._extensions..js (module.js:646:10)
    at Module.load (module.js:554:32)
    at tryModuleLoad (module.js:497:12)
    at Function.Module._load (module.js:489:3)


01-22-2018 20:05:
C:\Users\a\AppData\Roaming\Sublime Text 3\Packages\Gulp\write_tasks_to_cache.js:31
        throw ex;
        ^

Error: Cannot find module 'gulp-sass'
    at Function.Module._resolveFilename (module.js:536:15)
    at Function.Module._load (module.js:466:25)
    at Module.require (module.js:579:17)
    at require (internal/module.js:11:18)
    at Object.<anonymous> (D:\___WEB___\wppfsites\.sublime-gulp-tmp.js:2:12)
    at Module._compile (module.js:635:30)
    at Object.Module._extensions..js (module.js:646:10)
    at Module.load (module.js:554:32)
    at tryModuleLoad (module.js:497:12)
    at Function.Module._load (module.js:489:3)


01-22-2018 20:06:
C:\Users\a\AppData\Roaming\Sublime Text 3\Packages\Gulp\write_tasks_to_cache.js:31
        throw ex;
        ^

Error: Cannot find module 'gulp-sass'
    at Function.Module._resolveFilename (module.js:536:15)
    at Function.Module._load (module.js:466:25)
    at Module.require (module.js:579:17)
    at require (internal/module.js:11:18)
    at Object.<anonymous> (D:\___WEB___\wppfsites\.sublime-gulp-tmp.js:2:12)
    at Module._compile (module.js:635:30)
    at Object.Module._extensions..js (module.js:646:10)
    at Module.load (module.js:554:32)
    at tryModuleLoad (module.js:497:12)
    at Function.Module._load (module.js:489:3)


01-22-2018 20:08:
C:\Users\a\AppData\Roaming\Sublime Text 3\Packages\Gulp\write_tasks_to_cache.js:31
        throw ex;
        ^

Error: Cannot find module 'gulp-sass'
    at Function.Module._resolveFilename (module.js:536:15)
    at Function.Module._load (module.js:466:25)
    at Module.require (module.js:579:17)
    at require (internal/module.js:11:18)
    at Object.<anonymous> (D:\___WEB___\wppfsites\.sublime-gulp-tmp.js:2:12)
    at Module._compile (module.js:635:30)
    at Object.Module._extensions..js (module.js:646:10)
    at Module.load (module.js:554:32)
    at tryModuleLoad (module.js:497:12)
    at Function.Module._load (module.js:489:3)


01-22-2018 20:08:
C:\Users\a\AppData\Roaming\Sublime Text 3\Packages\Gulp\write_tasks_to_cache.js:31
        throw ex;
        ^

Error: Cannot find module 'gulp-sass'
    at Function.Module._resolveFilename (module.js:536:15)
    at Function.Module._load (module.js:466:25)
    at Module.require (module.js:579:17)
    at require (internal/module.js:11:18)
    at Object.<anonymous> (D:\___WEB___\wppfsites\.sublime-gulp-tmp.js:2:12)
    at Module._compile (module.js:635:30)
    at Object.Module._extensions..js (module.js:646:10)
    at Module.load (module.js:554:32)
    at tryModuleLoad (module.js:497:12)
    at Function.Module._load (module.js:489:3)
